=~=~=~=~=~=~=~=~=~=~=~= PuTTY log 2013.08.11 21:39:11 =~=~=~=~=~=~=~=~=~=~=~=
Hello World!
motorLeft init
 ID: 2
motorIdRight init
 ID: 1
motorIdTablet init
 ID: 4
Idle
DebugMode Requested
DebugMode - Init
------------------------------------------------
Starting next Debug Test
------------------------------------------------
Time: 0
Time End: 0Start Motors
472
Start Measurement of Poti
-------------------------------------------------------
0,481;
1,481;
2,483;
3,486;
4,488;
5,488;
6,487;
7,488;
8,478;
9,488;
10,491;
11,494;
12,490;
13,492;
14,494;
15,497;
16,498;
17,494;
18,496;
19,497;
20,500;
21,503;
22,501;
23,502;
24,502;
25,506;
26,507;
27,509;
28,506;
29,507;
30,509;
31,512;
32,511;
33,511;
34,513;
35,517;
36,518;
37,515;
38,474;
39,516;
40,520;
41,523;
42,523;
43,521;
44,524;
45,527;
46,528;
47,525;
48,527;
49,527;
50,531;
51,534;
52,532;
53,524;
54,534;
55,536;
56,539;
57,538;
58,520;
59,539;
60,540;
61,543;
62,545;
63,542;
64,543;
65,546;
66,549;
67,547;
68,547;
69,547;
70,549;
71,553;
72,554;
73,518;
74,554;
75,557;
76,557;
77,560;
78,550;
79,557;
80,561;
81,564;
82,561;
83,563;
84,563;
85,565;
86,569;
87,571;
88,528;
89,568;
90,572;
91,574;
92,571;
93,571;
94,575;
95,575;
96,579;
97,578;
98,577;
99,578;
100,584;
101,579;
102,586;
103,673;
104,587;
105,585;
106,587;
107,589;
108,588;
109,593;
110,592;
111,592;
112,596;
113,592;
114,598;
115,705;
116,598;
117,595;
118,599;
119,601;
120,599;
121,604;
122,604;
123,603;
124,606;
125,605;
126,611;
127,703;
128,609;
129,608;
130,609;
131,615;
132,612;
133,617;
134,611;
135,615;
136,619;
137,618;
138,619;
139,618;
140,624;
141,614;
142,624;
143,625;
144,626;
145,626;
146,627;
147,630;
148,603;
149,632;
150,629;
151,630;
152,637;
153,634;
154,637;
155,656;
156,639;
157,631;
158,638;
159,644;
160,642;
161,646;
162,643;
163,645;
164,647;
165,645;
166,651;
167,648;
168,653;
169,650;
170,654;
171,654;
172,654;
173,656;
174,658;
175,661;
176,659;
177,663;
178,661;
179,665;
180,664;
181,668;
182,663;
183,668;
184,670;
185,669;
186,671;
187,670;
188,675;
189,669;
190,676;
191,677;
192,677;
193,677;
194,677;
195,681;
196,667;
197,684;
198,680;
199,684;
200,689;
201,685;
202,690;
203,645;
204,690;
205,691;
206,691;
207,694;
208,680;
209,695;
210,694;
211,698;
212,698;
213,698;
214,702;
215,700;
216,704;
217,701;
218,703;
219,707;
220,704;
221,709;
222,708;
223,710;
224,698;
225,710;
226,714;
227,713;
228,716;
229,713;
230,715;
231,720;
232,717;
233,721;
234,720;
235,723;
236,710;
237,723;
238,725;
239,724;
240,730;
241,726;
242,731;
243,731;
244,731;
245,732;
246,732;
247,736;
248,734;
249,737;
250,736;
251,738;
252,741;
253,738;
254,743;
255,743;
256,742;
257,745;
258,745;
259,747;
260,745;
261,749;
262,749;
263,749;
264,754;
265,750;
266,754;
267,754;
268,756;
269,756;
270,755;
271,760;
272,757;
273,761;
274,760;
275,762;
276,765;
277,763;
278,765;
279,767;
280,767;
281,768;
282,767;
283,772;
284,769;
285,772;
286,772;
287,773;
288,773;
289,777;
290,779;
291,753;
292,780;
293,778;
294,783;
295,783;
296,782;
297,786;
298,793;
299,787;
300,779;
301,788;
302,792;
303,788;
304,793;
305,790;
306,793;
307,795;
308,796;
309,799;
310,797;
311,800;
312,797;
313,803;
314,802;
315,801;
316,803;
317,803;
318,806;
319,805;
320,809;
321,806;
322,810;
323,812;
324,811;
325,814;
326,811;
327,816;
328,813;
329,818;
330,774;
331,818;
332,818;
333,820;
334,825;
335,821;
336,825;
337,823;
338,825;
339,829;
340,826;
341,832;
342,828;
343,832;
344,829;
345,833;
346,834;
347,834;
348,834;
349,836;
350,839;
351,826;
352,840;
353,838;
354,843;
355,846;
356,843;
357,845;
358,800;
359,847;
360,843;
361,849;
362,852;
363,850;
364,855;
365,851;
366,856;
367,843;
368,857;
369,858;
370,857;
371,861;
372,858;
373,862;
374,863;
375,862;
376,864;
377,864;
378,868;
379,865;
380,869;
381,868;
382,872;
383,861;
384,873;
385,871;
386,874;
387,878;
388,875;
389,879;
390,843;
391,879;
392,883;
393,999;
394,885;
395,876;
396,883;
397,886;
398,885;
399,891;
400,887;
401,892;
402,858;
403,892;
404,894;
405,893;
406,897;
407,896;
408,898;
409,897;
410,897;
411,904;
412,901;
413,905;
414,875;
415,905;
416,906;
417,904;
418,910;
419,908;
420,911;
421,909;
422,911;
423,916;
424,912;
425,918;
426,889;
427,918;
428,916;
429,919;
430,922;
431,921;
432,926;
433,941;
434,924;
435,928;
436,927;
437,930;
438,927;
439,933;
440,929;
441,931;
442,938;
443,934;
444,938;
445,930;
446,938;
447,942;
448,939;
449,945;
450,941;
451,944;
452,941;
453,946;
454,949;
455,946;
456,950;
457,925;
458,949;
459,955;
460,951;
461,957;
462,953;
463,956;
464,955;
465,958;
466,961;
467,960;
468,964;
469,960;
470,966;
471,958;
472,967;
473,966;
474,968;
475,970;
476,970;
477,974;
478,971;
479,975;
480,972;
481,976;
482,978;
483,976;
484,981;
485,979;
486,982;
487,979;
488,984;
489,983;
490,983;
491,984;
492,984;
493,989;
494,973;
495,990;
496,987;
497,991;
498,993;
499,992;
500,997;
501,945;
502,998;
503,993;
504,997;
505,1000;
506,1001;
507,1000;
508,999;
509,1006;
510,1003;
511,1007;
512,1005;
513,1006;
514,1009;
515,1008;
516,1013;
517,1011;
518,1014;
519,1011;
520,1016;
521,1014;
522,992;
523,1018;
524,1019;
525,1018;
526,1020;
527,1021;
528,1021;
529,1023;
530,1023;
531,1023;
532,1023;
533,1023;
534,1023;
535,1020;
536,1023;
537,1023;
538,1023;
539,1023;
540,1023;
541,1023;
542,1023;
543,1023;
544,1023;
545,1023;
546,1023;
547,1023;
548,1023;
549,1023;
550,1023;
551,1023;
552,1023;
553,1023;
554,1023;
555,1023;
556,1023;
557,1023;
558,1023;
559,1023;
560,1023;
561,1023;
562,1023;
563,1023;
564,1023;
565,1023;
566,1023;
567,1023;
568,1023;
569,1023;
570,1023;
571,1023;
572,1023;
573,1023;
574,1023;
575,1023;
576,1023;
577,1023;
578,1023;
579,1023;
580,1023;
581,1023;
582,1023;
583,1023;
584,1023;
585,1023;
586,1023;
587,1023;
588,1023;
589,1023;
590,1023;
591,1023;
592,1023;
593,1023;
594,1023;
595,1023;
596,1023;
597,1023;
598,1023;
599,1023;
600,1023;
601,1023;
602,1023;
603,1023;
604,1023;
605,1023;
606,1023;
607,1023;
608,1023;
609,1023;
610,1023;
611,1023;
612,1023;
613,1023;
614,1023;
615,1023;
616,1023;
617,1023;
618,1023;
619,1023;
620,1023;
621,1023;
622,1023;
623,1023;
624,1023;
625,1023;
626,1023;
627,1023;
628,1023;
629,1023;
630,1023;
631,1023;
632,1023;
633,1023;
634,1023;
635,1023;
636,1023;
637,1023;
638,1023;
639,1023;
640,1023;
641,1023;
642,1023;
643,1023;
644,1023;
645,1023;
646,1023;
647,1023;
648,1023;
649,1023;
650,1023;
651,1023;
652,1023;
653,1023;
654,1023;
655,1023;
656,1023;
657,1023;
658,1023;
659,1023;
660,1023;
661,1023;
662,1023;
663,1023;
664,1023;
665,1023;
666,1023;
667,1023;
668,1023;
669,1023;
670,1023;
671,1023;
672,1023;
673,1023;
674,1023;
675,1023;
676,1023;
677,1023;
678,1023;
679,1023;
680,1023;
681,1023;
682,1023;
683,1023;
684,1023;
685,1023;
686,1023;
687,1023;
688,986;
689,682;
690,627;
691,631;
692,633;
693,624;
694,628;
695,632;
696,629;
697,624;
698,628;
699,629;
700,623;
701,624;
702,615;
703,628;
704,623;
705,627;
706,632;
707,618;
708,623;
709,632;
710,628;
711,623;
712,623;
713,628;
714,137;
715,126;
716,126;
717,125;
718,128;
719,126;
720,128;
721,124;
722,127;
723,128;
724,124;
725,129;
726,125;
727,128;
728,121;
729,125;
730,128;
731,125;
732,129;
733,126;
734,128;
735,107;
736,125;
737,127;
738,126;
739,129;
740,126;
741,127;
742,126;
743,127;
744,126;
745,128;
746,131;
747,128;
748,132;
749,129;
750,132;
751,136;
752,133;
753,137;
754,111;
755,139;
756,131;
757,139;
758,143;
759,139;
760,144;
761,142;
762,145;
763,146;
764,147;
765,151;
766,146;
767,152;
768,149;
769,153;
770,152;
771,153;
772,157;
773,153;
774,159;
775,136;
776,160;
777,160;
778,158;
779,165;
780,160;
781,167;
782,165;
783,167;
784,165;
785,167;
786,171;
787,168;
788,174;
789,168;
790,173;
791,175;
792,175;
793,176;
794,176;
795,179;
796,173;
797,182;
798,200;
799,181;
800,183;
801,182;
802,187;
803,184;
804,190;
805,187;
806,189;
807,191;
808,191;
809,196;
810,192;
811,194;
812,187;
813,196;
814,199;
815,196;
816,202;
817,198;
818,204;
819,173;
820,204;
821,204;
822,204;
823,209;
824,204;
825,209;
826,209;
827,210;
828,209;
829,210;
830,215;
831,211;
832,216;
833,211;
834,217;
835,219;
836,218;
837,222;
838,218;
839,224;
840,220;
841,225;
842,223;
843,225;
844,229;
845,227;
846,231;
847,228;
848,233;
849,226;
850,234;
851,234;
852,233;
853,235;
854,352;
855,238;
856,235;
857,240;
858,238;
859,240;
860,243;
861,240;
862,246;
863,206;
864,246;
865,242;
866,247;
867,250;
868,248;
869,252;
870,342;
871,252;
872,242;
873,253;
874,257;
875,254;
876,260;
877,258;
878,261;
879,218;
880,260;
881,261;
882,262;
883,265;
884,264;
885,267;
886,264;
887,268;
888,267;
889,269;
890,273;
891,271;
892,272;
893,268;
894,275;
895,276;
896,275;
897,277;
898,277;
899,279;
900,279;
901,279;
902,282;
903,235;
904,283;
905,285;
906,284;
907,289;
908,285;
909,290;
910,286;
911,291;
912,293;
913,291;
914,296;
915,292;
916,297;
917,290;
918,298;
919,299;
920,297;
921,302;
922,298;
923,302;
924,305;
925,304;
926,308;
927,262;
928,306;
929,307;
930,308;
931,313;
932,309;
933,311;
934,315;
935,312;
936,316;
937,315;
938,318;
939,286;
940,319;
941,318;
942,319;
943,323;
944,320;
945,324;
946,322;
947,325;
948,329;
949,326;
950,329;
951,327;
952,331;
953,329;
954,335;
955,330;
956,335;
957,328;
958,336;
959,336;
960,337;
961,338;
962,338;
963,343;
964,316;
965,345;
966,341;
967,346;
968,319;
969,344;
970,350;
971,349;
972,351;
973,348;
974,351;
975,352;
976,352;
977,356;
978,353;
979,356;
980,328;
981,358;
982,359;
983,358;
984,362;
985,359;
986,364;
987,462;
988,364;
989,364;
990,365;
991,369;
992,367;
993,371;
994,365;
995,372;
996,372;
997,372;
998,377;
999,485;
1000,378;
1001,379;
1002,376;
1003,413;
1004,382;
1005,384;
1006,382;
1007,380;
1008,386;
1009,386;
1010,385;
1011,386;
1012,389;
1013,390;
1014,390;
1015,389;
1016,392;
1017,395;
1018,393;
1019,394;
1020,398;
1021,399;
1022,397;
1023,394;
1024,401;
1025,400;
1026,400;
1027,400;
1028,404;
1029,406;
1030,405;
1031,405;
1032,410;
1033,410;
1034,409;
1035,414;
1036,413;
1037,412;
1038,400;
1039,415;
1040,418;
1041,417;
1042,416;
1043,412;
1044,422;
1045,421;
1046,420;
1047,421;
1048,426;
1049,423;
1050,399;
1051,425;
1052,429;
1053,429;
1054,428;
1055,420;
1056,433;
1057,431;
1058,431;
1059,436;
1060,435;
1061,433;
1062,436;
1063,440;
1064,439;
1065,439;
1066,394;
1067,441;
1068,444;
1069,443;
1070,446;
1071,447;
1072,446;
1073,446;
1074,448;
1075,452;
1076,452;
1077,450;
1078,451;
1079,453;
1080,457;
1081,454;
1082,455;
1083,458;
1084,458;
1085,458;
1086,459;
1087,462;
1088,462;
1089,461;
1090,533;
1091,465;
1092,469;
1093,465;
1094,466;
1095,470;
1096,469;
1097,469;
1098,472;
1099,474;
1100,472;
1101,473;
1102,473;
1103,479;
1104,479;
1105,478;
1106,476;
1107,482;
1108,480;
1109,481;
1110,485;
1111,483;
1112,484;
1113,484;
1114,489;
1115,489;
1116,488;
1117,488;
1118,492;
1119,492;
1120,493;
1121,496;
1122,495;
1123,493;
1124,499;
1125,500;
1126,499;
1127,499;
1128,459;
1129,506;
1130,504;
1131,503;
1132,491;
1133,509;
1134,506;
1135,508;
1136,508;
1137,512;
1138,512;
1139,511;
1140,612;
1141,516;
1142,517;
1143,515;
1144,516;
1145,519;
1146,517;
1147,517;
1148,522;
1149,524;
1150,523;
1151,522;
1152,523;
1153,528;
1154,527;
1155,527;
1156,526;
1157,532;
1158,530;
1159,525;
1160,535;
1161,535;
1162,534;
1163,528;
1164,537;
1165,539;
1166,538;
1167,538;
1168,544;
1169,542;
1170,506;
1171,542;
1172,548;
1173,546;
1174,503;
1175,549;
1176,552;
1177,551;
1178,550;
1179,555;
1180,556;
1181,554;
1182,554;
1183,559;
1184,557;
1185,555;
1186,563;
1187,561;
1188,560;
1189,562;
1190,565;
1191,567;
1192,565;
1193,566;
1194,572;
1195,568;
1196,561;
1197,574;
1198,571;
1199,573;
1200,563;
1201,578;
1202,578;
1203,576;
1204,577;
1205,579;
1206,582;
1207,580;
1208,563;
1209,588;
1210,586;
1211,584;
1212,564;
1213,587;
1214,592;
1215,591;
1216,589;
1217,591;
1218,595;
1219,593;
1220,598;
1221,599;
1222,597;
1223,666;
1224,602;
1225,602;
1226,602;
1227,602;
1228,556;
1229,606;
1230,607;
1231,605;
1232,609;
1233,608;
1234,609;
1235,609;
1236,615;
1237,613;
1238,614;
1239,613;
1240,617;
1241,619;
1242,618;
1243,617;
1244,623;
1245,622;
1246,620;
1247,624;
1248,626;
1249,627;
1250,625;
1251,623;
1252,629;
1253,630;
1254,630;
1255,625;
1256,634;
1257,632;
1258,614;
1259,637;
1260,637;
1261,630;
1262,640;
1263,641;
1264,641;
1265,641;
1266,643;
1267,647;
1268,644;
1269,752;
1270,650;
1271,647;
1272,647;
1273,653;
1274,651;
1275,652;
1276,651;
1277,655;
1278,658;
1279,658;
1280,657;
1281,663;
1282,661;
1283,642;
1284,663;
1285,666;
1286,664;
1287,642;
1288,665;
1289,671;
1290,669;
1291,669;
1292,662;
1293,675;
1294,673;
1295,674;
1296,675;
1297,679;
1298,678;
1299,678;
1300,665;
1301,682;
1302,685;
1303,683;
1304,684;
1305,689;
1306,688;
1307,686;
1308,668;
1309,691;
1310,691;
1311,690;
1312,667;
1313,692;
1314,697;
1315,696;
1316,695;
1317,695;
1318,700;
1319,698;
1320,702;
1321,704;
1322,703;
1323,703;
1324,659;
1325,708;
1326,710;
1327,707;
1328,668;
1329,713;
1330,713;
1331,712;
1332,713;
1333,718;
1334,715;
1335,717;
1336,718;
1337,720;
1338,720;
1339,720;
1340,825;
1341,725;
1342,725;
1343,723;
1344,729;
1345,728;
1346,727;
1347,724;
1348,733;
1349,733;
1350,732;
1351,732;
1352,733;
1353,739;
1354,736;
1355,730;
1356,739;
1357,740;
1358,739;
1359,741;
1360,745;
1361,746;
1362,744;
1363,743;
1364,746;
1365,749;
1366,749;
1367,748;
1368,753;
1369,751;
1370,751;
1371,754;
1372,757;
1373,752;
1374,756;
1375,740;
1376,758;
1377,763;
1378,760;
1379,764;
1380,764;
1381,762;
1382,808;
1383,768;
1384,767;
1385,767;
1386,878;
1387,772;
1388,774;
1389,772;
1390,773;
1391,774;
1392,777;
1393,777;
1394,775;
1395,781;
1396,779;
1397,778;
1398,780;
1399,784;
1400,785;
1401,783;
1402,783;
1403,787;
1404,789;
1405,786;
1406,789;
1407,791;
1408,791;
1409,791;
1410,788;
1411,798;
1412,797;
1413,796;
1414,792;
1415,800;
1416,798;
1417,784;
1418,803;
1419,802;
1420,766;
1421,807;
1422,806;
1423,805;
1424,806;
1425,807;
1426,812;
1427,811;
1428,809;
1429,814;
1430,815;
1431,812;
1432,813;
1433,819;
1434,817;
1435,817;
1436,819;
1437,823;
1438,823;
1439,822;
1440,823;
1441,828;
1442,824;
1443,826;
1444,829;
1445,830;
1446,830;
1447,830;
1448,829;
1449,834;
1450,836;
1451,833;
1452,834;
1453,838;
1454,839;
1455,837;
1456,836;
1457,844;
1458,842;
1459,841;
1460,838;
1461,845;
1462,847;
1463,846;
1464,845;
1465,850;
1466,849;
1467,850;
1468,852;
1469,855;
1470,853;
1471,855;
1472,855;
1473,860;
1474,859;
1475,858;
1476,850;
1477,865;
1478,863;
1479,820;
1480,865;
1481,867;
1482,866;
1483,821;
1484,871;
1485,873;
1486,872;
1487,871;
1488,851;
1489,877;
1490,874;
1491,875;
1492,880;
1493,880;
1494,878;
1495,880;
1496,885;
1497,884;
1498,884;
1499,970;
1500,886;
1501,889;
1502,888;
1503,886;
1504,892;
1505,890;
1506,891;
1507,894;
1508,896;
1509,895;
1510,894;
1511,894;
1512,901;
1513,902;
1514,900;
1515,897;
1516,904;
1517,904;
1518,894;
1519,907;
1520,906;
1521,906;
1522,907;
1523,909;
1524,913;
1525,914;
1526,913;
1527,915;
1528,917;
1529,914;
1530,918;
1531,921;
1532,919;
1533,928;
1534,921;
1535,925;
1536,925;
1537,924;
1538,894;
1539,930;
1540,928;
1541,920;
1542,933;
1543,932;
1544,931;
1545,931;
1546,936;
1547,937;
1548,936;
1549,935;
1550,940;
1551,942;
1552,942;
1553,940;
1554,946;
1555,943;
1556,936;
1557,948;
1558,950;
1559,948;
1560,949;
1561,946;
1562,954;
1563,953;
1564,953;
1565,954;
1566,956;
1567,956;
1568,959;
1569,961;
1570,961;
1571,959;
1572,942;
1573,968;
1574,967;
1575,964;
1576,940;
1577,970;
1578,967;
1579,968;
1580,973;
1581,971;
1582,972;
1583,973;
1584,977;
1585,979;
1586,978;
1587,977;
1588,980;
1589,981;
1590,980;
1591,980;
1592,984;
1593,983;
1594,985;
1595,988;
1596,987;
1597,987;
1598,981;
1599,991;
1600,994;
1601,991;
1602,991;
1603,998;
1604,996;
1605,951;
1606,1001;
1607,1000;
1608,1001;
1609,959;
1610,1004;
1611,1002;
1612,1003;
1613,1023;
1614,1006;
1615,1007;
1616,1006;
1617,1008;
1618,965;
1619,1013;
1620,1012;
1621,1010;
1622,972;
1623,1016;
1624,1017;
1625,1017;
1626,1013;
1627,1019;
1628,1022;
1629,1020;
1630,1021;
1631,1022;
1632,1012;
1633,1023;
1634,1023;
1635,1023;
1636,1023;
1637,1023;
1638,1023;
1639,1023;
1640,1023;
1641,1023;
1642,1023;
1643,1023;
1644,1023;
1645,1023;
1646,1023;
1647,1023;
1648,1023;
1649,1023;
1650,1023;
1651,1023;
1652,1023;
1653,1023;
1654,1023;
1655,1023;
1656,1023;
1657,1023;
1658,1023;
1659,1023;
1660,1023;
1661,1023;
1662,1023;
1663,1023;
1664,1023;
1665,1023;
1666,1017;
1667,1023;
1668,1023;
1669,1023;
1670,1023;
1671,1023;
1672,1023;
1673,1023;
1674,1023;
1675,1023;
1676,1023;
1677,1023;
1678,1023;
1679,1023;
1680,1023;
1681,1023;
1682,1023;
1683,1023;
1684,1023;
1685,1023;
1686,1023;
1687,1023;
1688,1023;
1689,1023;
1690,1023;
1691,1023;
1692,1023;
1693,1023;
1694,1023;
1695,1023;
1696,1023;
1697,1023;
1698,1023;
1699,1023;
1700,1023;
1701,1023;
1702,1023;
1703,1023;
1704,1023;
1705,1023;
1706,1023;
1707,1023;
1708,1023;
1709,1023;
1710,1023;
1711,1023;
1712,1023;
1713,1023;
1714,1023;
1715,1023;
1716,1023;
1717,1023;
1718,1023;
1719,1023;
1720,1023;
1721,1023;
1722,1023;
1723,1023;
1724,1023;
1725,1023;
1726,1023;
1727,1023;
1728,1023;
1729,1023;
1730,1023;
1731,1023;
1732,1023;
1733,1023;
1734,1023;
1735,1023;
1736,1023;
1737,1023;
1738,1023;
1739,1023;
1740,1023;
1741,1023;
1742,1023;
1743,1023;
1744,1023;
1745,1023;
1746,1023;
1747,1023;
1748,1023;
1749,1023;
1750,1023;
1751,1023;
1752,1023;
1753,1023;
1754,1023;
1755,1023;
1756,1023;
1757,1023;
1758,1023;
1759,1023;
1760,1023;
1761,1023;
1762,1023;
1763,1023;
1764,1023;
1765,1023;
1766,1023;
1767,1023;
1768,1023;
1769,1023;
1770,1023;
1771,1023;
1772,1023;
1773,1023;
1774,1023;
1775,1023;
1776,1023;
1777,1023;
1778,1023;
1779,1023;
1780,1023;
1781,1023;
1782,1023;
1783,1023;
1784,1023;
1785,1023;
1786,1023;
1787,1023;
1788,1023;
1789,1023;
1790,787;
1791,634;
1792,623;
1793,628;
1794,632;
1795,627;
1796,624;
1797,629;
1798,633;
1799,625;
1800,625;
1801,621;
1802,628;
1803,623;
1804,627;
1805,630;
1806,626;
1807,624;
1808,629;
1809,631;
1810,620;
1811,622;
1812,629;
1813,621;
1814,620;
1815,625;
1816,124;
1817,125;
1818,129;
1819,126;
1820,125;
1821,130;
1822,128;
1823,126;
1824,122;
1825,129;
1826,127;
1827,125;
1828,118;
1829,128;
1830,127;
1831,125;
1832,119;
1833,129;
1834,127;
1835,126;
1836,129;
1837,128;
1838,126;
1839,124;
1840,127;
1841,129;
1842,127;
1843,125;
1844,107;
1845,130;
1846,128;
1847,127;
1848,133;
1849,131;
1850,131;
1851,132;
1852,135;
1853,135;
1854,134;
1855,134;
1856,139;
1857,139;
1858,138;
1859,138;
1860,144;
1861,143;
1862,141;
1863,142;
1864,147;
1865,148;
1866,147;
1867,146;
1868,148;
1869,153;
1870,151;
1871,149;
1872,155;
1873,154;
1874,154;
1875,157;
1876,160;
1877,160;
1878,159;
1879,159;
1880,164;
1881,165;
1882,162;
1883,160;
1884,167;
1885,166;
1886,166;
1887,169;
1888,173;
1889,172;
1890,171;
1891,162;
1892,174;
1893,176;
1894,174;
1895,177;
1896,179;
1897,177;
1898,177;
1899,184;
1900,183;
1901,184;
1902,182;
1903,160;
1904,188;
1905,188;
1906,185;
1907,189;
1908,190;
1909,191;
1910,189;
1911,194;
1912,195;
1913,194;
1914,194;
1915,196;
1916,201;
1917,200;
1918,197;
1919,202;
1920,204;
1921,201;
1922,202;
1923,207;
1924,208;
1925,205;
1926,206;
1927,210;
1928,211;
1929,210;
1930,210;
1931,214;
1932,213;
1933,213;
1934,215;
1935,219;
1936,219;
1937,218;
1938,213;
1939,221;
1940,223;
1941,220;
1942,222;
1943,227;
1944,226;
1945,189;
1946,226;
1947,230;
1948,229;
1949,182;
1950,233;
1951,236;
1952,233;
1953,233;
1954,238;
1955,239;
1956,237;
1957,259;
1958,242;
1959,240;
1960,239;
1961,243;
1962,245;
1963,244;
1964,244;
1965,245;
1966,250;
1967,249;
1968,247;
1969,247;
1970,253;
1971,252;
1972,251;
1973,256;
1974,259;
1975,258;
1976,255;
1977,256;
1978,261;
1979,261;
1980,259;
1981,259;
1982,265;
1983,264;
1984,252;
1985,266;
1986,268;
1987,267;
1988,267;
1989,263;
1990,273;
1991,271;
1992,271;
1993,276;
1994,274;
1995,362;
1996,277;
1997,278;
1998,276;
1999,277;
2000,282;
2001,283;
2002,281;
2003,281;
2004,283;
2005,287;
2006,284;
2007,285;
2008,290;
2009,287;
2010,289;
2011,288;
2012,293;
2013,293;
2014,292;
2015,292;
2016,296;
2017,298;
2018,296;
2019,298;
2020,301;
2021,299;
2022,299;
2023,301;
2024,307;
2025,305;
2026,304;
2027,304;
2028,307;
2029,309;
2030,308;
2031,300;
2032,313;
2033,310;
2034,272;
2035,312;
2036,317;
2037,316;
2038,315;
2039,301;
2040,321;
2041,320;
2042,318;
2043,323;
2044,324;
2045,323;
2046,364;
2047,327;
2048,327;
2049,326;
2050,325;
2051,329;
2052,331;
2053,329;
2054,333;
2055,334;
2056,332;
2057,333;
2058,337;
2059,338;
2060,338;
2061,338;
2062,336;
2063,342;
2064,342;
2065,341;
2066,342;
2067,347;
2068,347;
2069,344;
2070,343;
2071,350;
2072,351;
2073,350;
2074,346;
2075,354;
2076,356;
2077,354;
2078,353;
2079,357;
2080,359;
2081,358;
2082,349;
2083,362;
2084,361;
2085,361;
2086,362;
2087,365;
2088,368;
2089,366;
2090,366;
2091,368;
2092,371;
2093,368;
2094,350;
2095,373;
2096,373;
2097,372;
2098,345;
2099,373;
2100,378;
2101,378;
2102,377;
2103,378;
2104,382;
2105,382;
2106,382;
2107,386;
2108,385;
2109,384;
2110,388;
2111,391;
2112,391;
2113,390;
2114,442;
2115,394;
2116,395;
2117,392;
2118,394;
2119,399;
2120,396;
2121,396;
2122,396;
2123,402;
2124,402;
2125,400;
2126,399;
2127,406;
2128,406;
2129,404;
2130,406;
2131,409;
2132,409;
2133,409;
2134,412;
2135,414;
2136,413;
2137,412;
2138,410;
2139,418;
2140,417;
2141,401;
2142,418;
2143,419;
2144,419;
2145,397;
2146,424;
2147,427;
2148,422;
2149,423;
2150,425;
2151,429;
2152,429;
2153,428;
2154,431;
2155,432;
2156,430;
2157,389;
2158,435;
2159,436;
2160,435;
2161,435;
2162,437;
2163,440;
2164,439;
2165,438;
2166,444;
2167,441;
2168,442;
2169,447;
2170,447;
2171,444;
2172,445;
2173,450;
2174,452;
2175,450;
2176,450;
2177,453;
2178,453;
2179,452;
2180,453;
2181,457;
2182,455;
2183,419;
2184,461;
2185,462;
2186,461;
2187,460;
2188,447;
2189,465;
2190,465;
2191,432;
2192,468;
2193,467;
2194,466;
2195,467;
2196,472;
2197,473;
2198,472;
2199,584;
2200,476;
2201,476;
2202,475;
2203,475;
2204,480;
2205,480;
2206,473;
2207,482;
2208,483;
2209,482;
2210,482;
2211,480;
2212,488;
2213,488;
2214,488;
2215,489;
2216,492;
2217,489;
2218,481;
2219,496;
2220,496;
2221,493;
2222,494;
2223,496;
2224,499;
2225,498;
2226,498;
2227,500;
2228,504;
2229,500;
2230,507;
2231,506;
2232,504;
2233,506;
2234,509;
2235,510;
2236,509;
2237,509;
2238,514;
2239,514;
2240,512;
2241,516;
2242,520;
2243,516;
2244,516;
2245,519;
2246,522;
2247,521;
2248,521;
2249,518;
2250,528;
2251,527;
2252,525;
2253,522;
2254,530;
2255,530;
2256,530;
2257,530;
2258,534;
2259,533;
2260,532;
2261,527;
2262,537;
2263,538;
2264,538;
2265,538;
2266,543;
2267,539;
2268,496;
2269,545;
2270,546;
2271,545;
2272,532;
2273,551;
2274,550;
2275,551;
2276,550;
2277,552;
2278,554;
2279,554;
2280,553;
2281,558;
2282,557;
2283,557;
2284,557;
2285,562;
2286,563;
2287,561;
2288,561;
2289,565;
2290,566;
2291,564;
2292,563;
2293,571;
2294,568;
2295,569;
2296,566;
2297,573;
2298,574;
2299,575;
2300,573;
2301,578;
2302,578;
2303,577;
2304,578;
2305,582;
2306,580;
2307,552;
2308,581;
2309,586;
2310,586;
2311,584;
2312,575;
2313,592;
2314,590;
2315,544;
2316,595;
2317,593;
2318,592;
2319,595;
2320,598;
2321,598;
2322,598;
2323,598;
2324,602;
2325,603;
2326,601;
2327,641;
2328,606;
2329,606;
2330,604;
2331,603;
2332,611;
2333,612;
2334,608;
2335,610;
2336,614;
2337,615;
2338,614;
2339,616;
2340,618;
2341,617;
2342,617;
2343,622;
2344,619;
2345,577;
2346,623;
2347,625;
2348,626;
2349,626;
2350,628;
2351,631;
2352,628;
2353,705;
2354,632;
2355,632;
2356,631;
2357,636;
2358,639;
2359,637;
2360,635;
2361,637;
2362,641;
2363,641;
2364,642;
2365,644;
2366,646;
2367,644;
2368,644;
2369,649;
2370,650;
2371,650;
2372,650;
2373,648;
2374,655;
2375,653;
2376,653;
2377,656;
2378,658;
2379,656;
2380,662;
2381,664;
2382,661;
2383,661;
2384,634;
2385,668;
2386,670;
2387,665;
2388,624;
2389,671;
2390,671;
2391,668;
2392,675;
2393,672;
2394,673;
2395,676;
2396,679;
2397,680;
2398,678;
2399,679;
2400,682;
2401,683;
2402,681;
2403,680;
2404,688;
2405,687;
2406,685;
2407,682;
2408,691;
2409,692;
2410,691;
2411,686;
2412,695;
2413,697;
2414,695;
2415,694;
2416,700;
2417,698;
2418,698;
2419,700;
2420,703;
2421,702;
2422,703;
2423,687;
2424,707;
2425,709;
2426,706;
2427,709;
2428,710;
2429,710;
2430,709;
2431,715;
2432,716;
2433,713;
2434,718;
2435,718;
2436,720;
2437,718;
2438,719;
2439,722;
2440,723;
2441,722;
2442,721;
2443,727;
2444,728;
2445,727;
2446,728;
2447,730;
2448,732;
2449,731;
2450,726;
2451,734;
2452,736;
2453,735;
2454,735;
2455,740;
2456,739;
2457,738;
2458,732;
2459,746;
2460,746;
2461,743;
2462,735;
2463,747;
2464,747;
2465,748;
2466,752;
2467,750;
2468,749;
2469,753;
2470,756;
2471,755;
2472,754;
2473,836;
2474,761;
2475,760;
2476,757;
2477,761;
2478,763;
2479,760;
2480,764;
2481,765;
2482,765;
2483,764;
2484,760;
2485,772;
2486,771;
2487,770;
2488,764;
2489,774;
2490,772;
2491,774;
2492,778;
2493,776;
2494,776;
2495,734;
2496,781;
2497,782;
2498,780;
2499,778;
2500,786;
2501,786;
2502,784;
2503,789;
2504,790;
2505,787;
2506,784;
2507,792;
2508,795;
2509,792;
2510,792;
2511,792;
2512,798;
2513,795;
2514,789;
2515,802;
2516,801;
2517,768;
2518,801;
2519,803;
2520,803;
2521,804;
2522,805;
2523,810;
2524,809;
2525,808;
2526,812;
2527,811;
2528,811;
2529,811;
2530,814;
2531,815;
2532,811;
2533,818;
2534,821;
2535,818;
2536,819;
2537,819;
2538,825;
2539,823;
2540,819;
2541,827;
2542,826;
2543,804;
2544,826;
2545,830;
2546,830;
2547,829;
2548,822;
2549,836;
2550,835;
2551,833;
2552,839;
2553,839;
2554,835;
2555,838;
2556,841;
2557,841;
2558,841;
2559,845;
2560,846;
2561,846;
2562,846;
2563,850;
2564,850;
2565,849;
2566,846;
2567,854;
2568,854;
2569,852;
2570,853;
2571,858;
2572,860;
2573,858;
2574,857;
2575,861;
2576,864;
2577,861;
2578,863;
2579,867;
2580,867;
2581,865;
2582,869;
2583,872;
2584,873;
2585,869;
2586,872;
2587,872;
2588,874;
2589,874;
2590,878;
2591,880;
2592,878;
2593,905;
2594,880;
2595,884;
2596,881;
2597,882;
2598,846;
2599,887;
2600,888;
2601,887;
2602,890;
2603,892;
2604,889;
2605,889;
2606,895;
2607,895;
2608,894;
2609,895;
2610,896;
2611,900;
2612,899;
2613,893;
2614,903;
2615,902;
2616,876;
2617,907;
2618,907;
2619,905;
2620,906;
2621,908;
2622,912;
2623,911;
2624,911;
2625,898;
2626,916;
2627,915;
2628,915;
2629,919;
2630,920;
2631,918;
2632,1012;
2633,922;
2634,924;
2635,925;
2636,924;
2637,927;
2638,929;
2639,928;
2640,927;
2641,933;
2642,932;
2643,930;
2644,930;
2645,937;
2646,937;
2647,936;
2648,937;
2649,940;
2650,942;
2651,940;
2652,936;
2653,945;
2654,943;
2655,943;
2656,945;
2657,950;
2658,950;
2659,949;
2660,942;
2661,953;
2662,953;
2663,952;
2664,942;
2665,956;
2666,956;
2667,911;
2668,960;
2669,962;
2670,960;
2671,960;
2672,964;
2673,967;
2674,965;
2675,966;
2676,968;
2677,970;
2678,969;
2679,969;
2680,974;
2681,976;
2682,974;
2683,974;
2684,975;
2685,979;
2686,978;
2687,977;
2688,1023;
2689,983;
2690,982;
2691,982;
2692,982;
2693,988;
2694,985;
2695,985;
2696,985;
2697,991;
2698,991;
2699,991;
2700,991;
2701,996;
2702,995;
2703,995;
2704,997;
2705,999;
2706,998;
2707,999;
2708,1003;
2709,1003;
2710,1001;
2711,1003;
2712,996;
2713,1009;
2714,1009;
2715,1007;
2716,1007;
2717,1004;
2718,1011;
2719,1010;
2720,1010;
2721,1004;
2722,1017;
2723,1016;
2724,1016;
2725,1007;
2726,1020;
2727,1022;
2728,1021;
2729,1022;
2730,1015;
2731,1023;
2732,1023;
2733,1023;
2734,1023;
2735,1023;
2736,1023;
2737,1023;
2738,1023;
2739,1023;
2740,1023;
2741,1023;
2742,1004;
2743,1023;
2744,1023;
2745,1023;
2746,991;
2747,1023;
2748,1023;
2749,1023;
2750,1023;
2751,1023;
2752,1023;
2753,1023;
2754,1023;
2755,1023;
2756,1023;
2757,1023;
2758,1023;
2759,1023;
2760,1023;
2761,1023;
2762,1023;
2763,1023;
2764,1012;
2765,1023;
2766,1023;
2767,1023;
2768,1023;
2769,1023;
2770,1023;
2771,1023;
2772,1023;
2773,1023;
2774,1023;
2775,1023;
2776,1023;
2777,1023;
2778,1023;
2779,1023;
2780,1023;
2781,1023;
2782,1023;
2783,1023;
2784,1023;
2785,1023;
2786,1023;
2787,1023;
2788,1023;
2789,1023;
2790,1023;
2791,1023;
2792,1023;
2793,1023;
2794,1023;
2795,1023;
2796,1023;
2797,1023;
2798,1023;
2799,1023;
2800,1023;
2801,1023;
2802,1023;
2803,1023;
2804,1023;
2805,1023;
2806,1023;
2807,1023;
2808,1023;
2809,1023;
2810,1023;
2811,1023;
2812,1023;
2813,1023;
2814,1023;
2815,1023;
2816,1023;
2817,1023;
2818,1023;
2819,1023;
2820,1023;
2821,1023;
2822,1023;
2823,1023;
2824,1023;
2825,1023;
2826,1023;
2827,1023;
2828,1023;
2829,1023;
2830,1023;
2831,1023;
2832,1023;
2833,1023;
2834,1023;
2835,1023;
2836,1023;
2837,1023;
2838,1023;
2839,1023;
2840,1023;
2841,1023;
2842,1023;
2843,1023;
2844,1023;
2845,1023;
2846,1023;
2847,1023;
2848,1023;
2849,1023;
2850,1023;
2851,1023;
2852,1023;
2853,1023;
2854,1023;
2855,1023;
2856,1023;
2857,1023;
2858,1023;
2859,1023;
2860,1023;
2861,1023;
2862,1023;
2863,1023;
2864,1023;
2865,1023;
2866,1023;
2867,1023;
2868,1023;
2869,1023;
2870,1023;
2871,1023;
2872,1023;
2873,1023;
2874,1023;
2875,1023;
2876,1023;
2877,1023;
2878,1023;
2879,1023;
2880,1023;
2881,1023;
2882,1023;
2883,1023;
2884,1023;
2885,1023;
2886,1023;
2887,1023;
2888,1023;
2889,797;
2890,630;
2891,629;
2892,618;
2893,666;
2894,627;
2895,625;
2896,617;
2897,627;
2898,633;
2899,626;
2900,626;
2901,632;
2902,630;
2903,624;
2904,626;
2905,632;
2906,626;
2907,623;
2908,630;
2909,632;
2910,625;
2911,628;
2912,634;
2913,632;
2914,625;
2915,127;
2916,124;
2917,118;
2918,128;
2919,127;
2920,91;
2921,129;
2922,128;
2923,124;
2924,80;
2925,127;
2926,126;
2927,128;
2928,128;
2929,125;
2930,125;
2931,128;
2932,126;
2933,126;
2934,117;
2935,126;
2936,129;
2937,126;
2938,113;
2939,129;
2940,125;
2941,125;
2942,128;
2943,129;
2944,124;
2945,186;
2946,129;
2947,133;
2948,132;
2949,130;
2950,133;
2951,134;
2952,133;
2953,136;
2954,138;
2955,135;
2956,136;
2957,139;
2958,142;
2959,141;
2960,140;
2961,141;
2962,146;
2963,144;
2964,135;
2965,147;
2966,149;
2967,146;
2968,153;
2969,153;
2970,151;
2971,152;
2972,126;
2973,158;
2974,158;
2975,156;
2976,115;
2977,162;
2978,160;
2979,161;
2980,164;
2981,165;
2982,166;
2983,165;
2984,209;
2985,170;
2986,169;
2987,168;
2988,249;
2989,173;
2990,173;
2991,171;
2992,173;
2993,178;
2994,176;
2995,175;
2996,176;
2997,182;
2998,182;
2999,181;
3000,181;
3001,186;
3002,186;
3003,183;
3004,182;
3005,189;
3006,189;
3007,189;
3008,185;
3009,192;
3010,195;
3011,192;
3012,186;
3013,199;
3014,196;
3015,154;
3016,201;
3017,201;
3018,199;
3019,160;
3020,206;
3021,204;
3022,205;
3023,205;
3024,208;
3025,209;
3026,208;
3027,212;
3028,211;
3029,210;
3030,208;
3031,215;
3032,215;
3033,215;
3034,215;
3035,215;
3036,221;
3037,220;
3038,209;
3039,224;
3040,221;
3041,177;
3042,227;
3043,225;
3044,226;
3045,189;
3046,230;
3047,232;
3048,230;
3049,229;
3050,233;
3051,234;
3052,232;
3053,237;
3054,238;
3055,236;
3056,237;
3057,237;
3058,242;
3059,241;
3060,239;
3061,239;
3062,245;
3063,244;
3064,235;
3065,246;
3066,248;
3067,247;
3068,250;
3069,253;
3070,251;
3071,250;
3072,233;
3073,258;
3074,256;
3075,256;
3076,258;
3077,258;
3078,258;
3079,258;
3080,263;
3081,264;
3082,262;
3083,263;
3084,264;
3085,269;
3086,268;
3087,267;
3088,270;
3089,272;
3090,271;
3091,267;
3092,276;
3093,275;
3094,273;
3095,273;
3096,277;
3097,279;
3098,279;
3099,279;
3100,281;
3101,283;
3102,280;
3103,286;
3104,285;
3105,284;
3106,240;
3107,290;
3108,288;
3109,288;
3110,274;
3111,292;
3112,295;
3113,291;
3114,293;
3115,298;
3116,296;
3117,295;
3118,299;
3119,301;
3120,301;
3121,299;
3122,299;
3123,306;
3124,305;
3125,304;
3126,302;
3127,309;
3128,307;
3129,296;
3130,312;
3131,312;
3132,310;
3133,311;
3134,312;
3135,316;
3136,315;
3137,315;
3138,319;
3139,319;
3140,433;
3141,323;
3142,320;
3143,320;
3144,322;
3145,326;
3146,325;
3147,324;
3148,324;
3149,328;
3150,330;
3151,329;
3152,325;
3153,334;
3154,330;
3155,319;
3156,336;
3157,337;
3158,336;
3159,319;
3160,340;
3161,340;
3162,338;
3163,342;
3164,343;
3165,341;
3166,343;
3167,348;
3168,344;
3169,346;
3170,345;
3171,351;
3172,350;
3173,349;
3174,348;
3175,355;
3176,353;
3177,345;
3178,357;
3179,357;
3180,356;
3181,358;
3182,362;
3183,363;
3184,359;
3185,342;
3186,365;
3187,365;
3188,363;
3189,367;
3190,368;
3191,366;
3192,371;
3193,373;
3194,370;
3195,370;
3196,370;
3197,377;
3198,376;
3199,375;
3200,375;
3201,380;
3202,378;
3203,368;
3204,382;
3205,383;
3206,383;
3207,370;
3208,386;
3209,389;
3210,387;
3211,388;
3212,382;
3213,392;
3214,392;
3215,391;
3216,395;
3217,395;
3218,395;
3219,350;
3220,399;
3221,401;
3222,399;
3223,398;
3224,402;
3225,405;
3226,402;
3227,403;
3228,408;
3229,407;
3230,407;
3231,407;
3232,412;
3233,410;
3234,411;
3235,409;
3236,413;
3237,415;
3238,414;
3239,415;
3240,419;
3241,419;
3242,416;
3243,414;
3244,424;
3245,422;
3246,423;
3247,422;
3248,422;
3249,428;
3250,427;
3251,418;
3252,429;
3253,429;
3254,430;
3255,420;
3256,432;
3257,435;
3258,435;
3259,433;
3260,435;
3261,440;
3262,438;
3263,437;
3264,441;
3265,442;
3266,440;
3267,401;
3268,446;
3269,446;
3270,445;
3271,445;
3272,429;
3273,452;
3274,450;
3275,487;
3276,453;
3277,454;
3278,451;
3279,455;
3280,458;
3281,455;
3282,455;
3283,457;
3284,461;
3285,461;
3286,460;
3287,460;
3288,467;
3289,464;
3290,464;
3291,466;
3292,468;
3293,468;
3294,468;
3295,465;
3296,471;
3297,473;
3298,471;
3299,468;
3300,477;
3301,476;
3302,474;
3303,476;
3304,480;
3305,480;
3306,480;
3307,467;
3308,485;
3309,484;
3310,484;
3311,463;
3312,488;
3313,487;
3314,487;
3315,492;
3316,491;
3317,491;
3318,489;
3319,495;
3320,496;
3321,495;
3322,495;
3323,499;
3324,499;
3325,498;
3326,497;
3327,504;
3328,503;
3329,501;
3330,500;
3331,508;
3332,508;
3333,506;
3334,501;
3335,512;
3336,510;
3337,510;
3338,510;
3339,515;
3340,513;
3341,473;
3342,520;
3343,520;
3344,518;
3345,518;
3346,503;
3347,523;
3348,523;
3349,564;
3350,525;
3351,527;
3352,524;
3353,525;
3354,530;
3355,530;
3356,530;
3357,529;
3358,532;
3359,536;
3360,535;
3361,534;
3362,539;
3363,539;
3364,539;
3365,535;
3366,544;
3367,543;
3368,544;
3369,543;
3370,542;
3371,550;
3372,547;
3373,548;
3374,549;
3375,550;
3376,550;
3377,543;
3378,556;
3379,554;
3380,554;
3381,554;
3382,556;
3383,561;
3384,559;
3385,559;
3386,563;
3387,563;
3388,672;
3389,566;
3390,568;
3391,566;
3392,565;
3393,568;
3394,573;
3395,572;
3396,570;
3397,572;
3398,576;
3399,574;
3400,573;
3401,578;
3402,580;
3403,577;
3404,578;
3405,580;
3406,584;
3407,586;
3408,583;
3409,583;
3410,590;
3411,587;
3412,578;
3413,590;
3414,591;
3415,590;
3416,579;
3417,593;
3418,596;
3419,596;
3420,596;
3421,591;
3422,601;
3423,599;
3424,566;
3425,603;
3426,603;
3427,605;
3428,603;
3429,608;
3430,608;
3431,606;
3432,605;
3433,611;
3434,612;
3435,612;
3436,611;
3437,617;
3438,613;
3439,614;
3440,617;
3441,620;
3442,621;
3443,618;
3444,620;
3445,623;
3446,624;
3447,624;
3448,621;
3449,629;
3450,626;
3451,614;
3452,631;
3453,631;
3454,631;
3455,631;
3456,633;
3457,636;
3458,636;
3459,635;
3460,639;
3461,639;
3462,661;
3463,643;
3464,644;
3465,642;
3466,643;
3467,647;
3468,649;
3469,648;
3470,647;
3471,649;
3472,653;
3473,651;
3474,648;
3475,656;
3476,654;
3477,640;
3478,658;
3479,661;
3480,661;
3481,659;
3482,655;
3483,667;
3484,665;
3485,664;
3486,670;
3487,669;
3488,666;
3489,630;
3490,673;
3491,674;
3492,673;
3493,672;
3494,644;
3495,677;
3496,677;
3497,725;
3498,680;
3499,681;
3500,680;
3501,680;
3502,685;
3503,684;
3504,684;
3505,684;
3506,689;
3507,690;
3508,689;
3509,686;
3510,693;
3511,694;
3512,696;
3513,697;
3514,696;
3515,701;
3516,701;
3517,701;
3518,701;
3519,699;
3520,662;
3521,704;
3522,704;
3523,702;
3524,706;
3525,708;
3526,707;
3527,707;
3528,712;
3529,712;
3530,711;
3531,713;
3532,713;
3533,718;
3534,717;
3535,716;
3536,721;
3537,719;
3538,698;
3539,720;
3540,724;
3541,725;
3542,723;
3543,715;
3544,729;
3545,729;
3546,727;
3547,731;
3548,733;
3549,731;
3550,732;
3551,736;
3552,736;
3553,736;
3554,848;
3555,740;
3556,741;
3557,740;
3558,740;
3559,745;
3560,743;
3561,745;
3562,746;
3563,747;
3564,747;
3565,737;
3566,753;
3567,753;
3568,751;
3569,750;
3570,746;
3571,757;
3572,756;
3573,733;
3574,760;
3575,758;
3576,864;
3577,762;
3578,764;
3579,764;
3580,761;
-------------------------------------------------------
Stop Measurement of Poti
Stop Motors
Print Data:
-------------------------------------------------------
-------------------------------------------------------
------------------------------------------------
------------------------------------------------
------------------------------------------------
------------------------------------------------
------------------------------------------------
------------------------------------------------
