=~=~=~=~=~=~=~=~=~=~=~= PuTTY log 2013.08.18 21:08:08 =~=~=~=~=~=~=~=~=~=~=~=
Hello World!
motorLeft init
 ID: 2
motorIdRight init
 ID: 1
motorIdTablet init
 ID: 4
Idle
DebugMode Requested
DebugMode - Init
------------------------------------------------
Starting next Debug Test
------------------------------------------------
Time: 0
Time End: 0Start Motors
384
Start Measurement of Poti
-------------------------------------------------------
0,379;
1,381;
2,371;
3,371;
4,365;
5,362;
6,357;
7,395;
8,355;
9,348;
10,346;
11,383;
12,339;
13,333;
14,329;
15,328;
16,311;
17,317;
18,314;
19,309;
20,347;
21,307;
22,298;
23,299;
24,294;
25,288;
26,284;
27,279;
28,279;
29,275;
30,268;
31,266;
32,263;
33,257;
34,244;
35,255;
36,245;
37,246;
38,271;
39,235;
40,228;
41,224;
42,230;
43,198;
44,218;
45,215;
46,209;
47,241;
48,198;
49,201;
50,193;
51,188;
52,187;
53,183;
54,177;
55,177;
56,171;
57,167;
58,167;
59,159;
60,157;
61,144;
62,144;
63,149;
64,142;
65,167;
66,134;
67,127;
68,127;
69,121;
70,104;
71,113;
72,107;
73,109;
74,143;
75,100;
76,97;
77,94;
78,125;
79,88;
80,79;
81,69;
82,95;
83,68;
84,64;
85,58;
86,32;
87,52;
88,52;
89,55;
90,45;
91,37;
92,31;
93,29;
94,25;
95,18;
96,20;
97,16;
98,14;
99,3;
100,39;
101,1;
102,0;
103,1;
104,0;
105,0;
106,0;
107,3;
108,0;
109,201;
110,530;
111,533;
112,533;
113,537;
114,536;
115,536;
116,928;
117,1023;
118,1023;
119,1023;
120,1023;
121,1023;
122,1023;
123,1023;
124,1023;
125,1023;
126,1023;
127,1023;
128,1023;
129,1023;
130,1021;
131,1020;
132,1015;
133,1007;
134,1010;
135,1004;
136,1023;
137,1023;
138,990;
139,984;
140,984;
141,983;
142,976;
143,1023;
144,967;
145,962;
146,959;
147,954;
148,950;
149,1022;
150,943;
151,938;
152,938;
153,936;
154,932;
155,968;
156,920;
157,915;
158,911;
159,910;
160,903;
161,960;
162,895;
163,889;
164,891;
165,884;
166,883;
167,944;
168,867;
169,865;
170,865;
171,864;
172,860;
173,916;
174,847;
175,843;
176,842;
177,835;
178,835;
179,835;
180,820;
181,820;
182,813;
183,810;
184,824;
185,815;
186,798;
187,797;
188,792;
189,788;
190,819;
191,783;
192,778;
193,768;
194,764;
195,763;
196,800;
197,754;
198,751;
199,749;
200,746;
201,748;
202,735;
203,732;
204,730;
205,727;
206,716;
207,715;
208,765;
209,708;
210,705;
211,700;
212,692;
213,692;
214,723;
215,680;
216,678;
217,674;
218,674;
219,667;
220,671;
221,657;
222,656;
223,649;
224,651;
225,644;
226,647;
227,634;
228,630;
229,624;
230,628;
231,619;
232,623;
233,611;
234,608;
235,606;
236,599;
237,646;
238,597;
239,585;
240,582;
241,577;
242,580;
243,616;
244,571;
245,564;
246,559;
247,553;
248,552;
249,584;
250,547;
251,544;
252,533;
253,530;
254,527;
255,564;
256,517;
257,517;
258,511;
259,508;
260,503;
261,536;
262,495;
263,489;
264,486;
265,482;
266,481;
267,508;
268,469;
269,464;
270,468;
271,460;
272,463;
273,454;
274,447;
275,440;
276,440;
277,433;
278,441;
279,431;
280,426;
281,421;
282,415;
283,411;
284,425;
285,400;
286,406;
287,400;
288,390;
289,387;
290,429;
291,378;
292,379;
293,373;
294,371;
295,368;
296,359;
297,356;
298,355;
299,353;
300,346;
301,343;
302,340;
303,335;
304,333;
305,328;
306,327;
307,323;
308,304;
309,314;
310,314;
311,306;
312,299;
313,304;
314,280;
315,294;
316,288;
317,282;
318,280;
319,277;
320,264;
321,270;
322,271;
323,259;
324,259;
325,254;
326,240;
327,246;
328,241;
329,241;
330,234;
331,255;
332,226;
333,223;
334,222;
335,212;
336,211;
337,219;
338,206;
339,199;
340,197;
341,198;
342,187;
343,195;
344,179;
345,178;
346,178;
347,171;
348,167;
349,134;
350,156;
351,155;
352,154;
353,149;
354,171;
355,128;
356,136;
357,134;
358,128;
359,123;
360,159;
361,112;
362,114;
363,107;
364,107;
365,103;
366,111;
367,92;
368,89;
369,86;
370,81;
371,82;
372,72;
373,75;
374,68;
375,63;
376,59;
377,58;
378,56;
379,50;
380,32;
381,40;
382,35;
383,32;
384,31;
385,27;
386,26;
387,16;
388,39;
389,7;
390,5;
391,0;
392,1;
393,0;
394,1;
395,0;
396,0;
397,0;
398,0;
399,3;
400,515;
401,533;
402,532;
403,537;
404,554;
405,537;
406,536;
407,1023;
408,1023;
409,1023;
410,1023;
411,1023;
412,1023;
413,1023;
414,1023;
415,1023;
416,1023;
417,1023;
418,1023;
419,1023;
420,1023;
421,1019;
422,1015;
423,1007;
424,1010;
425,1007;
426,1000;
427,998;
428,1012;
429,1023;
430,984;
431,983;
432,977;
433,972;
434,972;
435,1023;
436,991;
437,957;
438,952;
439,950;
440,947;
441,992;
442,936;
443,938;
444,927;
445,927;
446,924;
447,984;
448,915;
449,911;
450,905;
451,899;
452,903;
453,960;
454,888;
455,883;
456,882;
457,881;
458,876;
459,940;
460,864;
461,868;
462,858;
463,852;
464,857;
465,840;
466,844;
467,836;
468,833;
469,828;
470,837;
471,822;
472,817;
473,816;
474,812;
475,806;
476,840;
477,799;
478,792;
479,790;
480,783;
481,781;
482,794;
483,783;
484,767;
485,764;
486,769;
487,760;
488,794;
489,755;
490,743;
491,742;
492,738;
493,734;
494,730;
495,723;
496,719;
497,715;
498,714;
499,711;
500,760;
501,700;
502,695;
503,695;
504,688;
505,686;
506,727;
507,679;
508,675;
509,670;
510,665;
511,663;
512,701;
513,660;
514,646;
515,645;
516,643;
517,636;
518,646;
519,632;
520,625;
521,621;
522,616;
523,643;
524,619;
525,602;
526,603;
527,598;
528,598;
529,619;
530,591;
531,580;
532,578;
533,572;
534,568;
535,608;
536,562;
537,556;
538,552;
539,551;
540,544;
541,580;
542,537;
543,534;
544,529;
545,524;
546,522;
547,556;
548,513;
549,510;
550,503;
551,506;
552,504;
553,533;
554,493;
555,483;
556,483;
557,479;
558,473;
559,504;
560,470;
561,459;
562,458;
563,453;
564,455;
565,446;
566,440;
567,439;
568,435;
569,431;
570,449;
571,416;
572,416;
573,419;
574,412;
575,407;
576,429;
577,392;
578,393;
579,392;
580,387;
581,383;
582,418;
583,375;
584,374;
585,366;
586,362;
587,361;
588,355;
589,354;
590,357;
591,349;
592,343;
593,336;
594,333;
595,335;
596,328;
597,323;
598,319;
599,313;
600,314;
601,309;
602,303;
603,304;
604,301;
605,297;
606,299;
607,287;
608,285;
609,281;
610,276;
611,269;
612,256;
613,268;
614,259;
615,255;
616,251;
617,248;
618,240;
619,239;
620,236;
621,239;
622,228;
623,255;
624,224;
625,219;
626,211;
627,210;
628,205;
629,223;
630,200;
631,195;
632,191;
633,186;
634,185;
635,195;
636,177;
637,179;
638,175;
639,165;
640,161;
641,164;
642,157;
643,152;
644,143;
645,139;
646,150;
647,107;
648,133;
649,129;
650,125;
651,123;
652,128;
653,89;
654,103;
655,110;
656,101;
657,99;
658,64;
659,90;
660,91;
661,82;
662,95;
663,76;
664,74;
665,68;
666,68;
667,65;
668,54;
669,51;
670,48;
671,11;
672,44;
673,36;
674,31;
675,47;
676,20;
677,23;
678,18;
679,15;
680,0;
681,6;
682,0;
683,15;
684,0;
685,0;
686,5;
687,0;
688,5;
689,0;
690,0;
691,525;
692,532;
693,536;
694,532;
695,538;
696,537;
697,537;
698,1023;
699,1023;
700,1023;
701,1023;
702,1023;
703,1023;
704,1023;
705,1023;
706,1023;
707,1023;
708,1023;
709,1023;
710,1023;
711,1023;
712,1023;
713,1022;
714,1009;
715,1012;
716,1000;
717,1004;
718,995;
719,993;
720,1023;
721,986;
722,980;
723,980;
724,970;
725,971;
726,1020;
727,967;
728,960;
729,951;
730,952;
731,948;
732,941;
733,937;
734,947;
735,931;
736,929;
737,922;
738,915;
739,916;
740,912;
741,904;
742,905;
743,904;
744,957;
745,892;
746,886;
747,883;
748,877;
749,876;
750,935;
751,868;
752,861;
753,859;
754,859;
755,852;
756,876;
757,849;
758,840;
759,835;
760,837;
761,829;
762,831;
763,817;
764,814;
765,811;
766,818;
767,840;
768,815;
769,794;
770,798;
771,788;
772,781;
773,832;
774,775;
775,767;
776,768;
777,771;
778,754;
779,800;
780,748;
781,744;
782,744;
783,739;
784,736;
785,784;
786,727;
787,722;
788,726;
789,713;
790,708;
791,760;
792,701;
793,698;
794,694;
795,690;
796,686;
797,732;
798,675;
799,674;
800,673;
801,666;
802,664;
803,699;
804,657;
805,656;
806,644;
807,645;
808,655;
809,633;
810,638;
811,628;
812,622;
813,617;
814,640;
815,613;
816,611;
817,601;
818,600;
819,595;
820,632;
821,593;
822,583;
823,575;
824,576;
825,571;
826,610;
827,563;
828,558;
829,556;
830,549;
831,548;
832,543;
833,539;
834,536;
835,528;
836,526;
837,524;
838,558;
839,512;
840,514;
841,510;
842,501;
843,501;
844,526;
845,491;
846,486;
847,486;
848,478;
849,479;
850,468;
851,468;
852,463;
853,458;
854,457;
855,452;
856,468;
857,441;
858,439;
859,439;
860,432;
861,429;
862,416;
863,418;
864,423;
865,412;
866,414;
867,445;
868,396;
869,402;
870,392;
871,387;
872,388;
873,423;
874,376;
875,374;
876,370;
877,375;
878,365;
879,391;
880,355;
881,351;
882,345;
883,344;
884,341;
885,357;
886,334;
887,333;
888,323;
889,322;
890,330;
891,327;
892,310;
893,313;
894,300;
895,297;
896,316;
897,272;
898,286;
899,290;
900,283;
901,277;
902,290;
903,269;
904,264;
905,261;
906,258;
907,256;
908,287;
909,249;
910,241;
911,238;
912,234;
913,230;
914,255;
915,226;
916,217;
917,216;
918,211;
919,205;
920,244;
921,199;
922,200;
923,200;
924,186;
925,185;
926,183;
927,176;
928,171;
929,173;
930,171;
931,167;
932,159;
933,159;
934,151;
935,145;
936,146;
937,147;
938,107;
939,137;
940,131;
941,121;
942,119;
943,136;
944,96;
945,111;
946,107;
947,100;
948,97;
949,97;
950,95;
951,91;
952,81;
953,81;
954,75;
955,71;
956,67;
957,64;
958,51;
959,61;
960,57;
961,51;
962,63;
963,39;
964,38;
965,34;
966,33;
967,24;
968,28;
969,15;
970,16;
971,0;
972,7;
973,0;
-------------------------------------------------------
Stop Measurement of Poti
Stop Motors
Print Data:
-------------------------------------------------------
-------------------------------------------------------
------------------------------------------------
------------------------------------------------
------------------------------------------------
------------------------------------------------
------------------------------------------------
------------------------------------------------
